=== RESUMEN DE MÉTRICAS DETALLADAS ===
Última actualización: 15 de diciembre de 2025 - 12:37 PM
Estado: Métricas congeladas para entrega final

Commits: 32
Lines added: 19847 Lines removed: 1637 Net LoC: 18210
Test functions: 63

=== Javier Pallarés González ===
Commits: 29
Lines added: 1018 Lines removed: 339 Net LoC: 679
Test functions: 27

=== Celia Dorantes ===
Commits: 23
Lines added: 1765 Lines removed: 206 Net LoC: 1559
Test functions: 21

=== JOSE MARIA SILVA GUZMAN ===
Commits: 22
Lines added: 3600 Lines removed: 2774 Net LoC: 826
Test functions: 7

=== darzafrui ===
Commits: 20
Lines added: 16633 Lines removed: 2030 Net LoC: 14603
Test functions: 51

